This is pdfTeX, Version 3.14159265-2.6-1.40.18 (TeX Live 2017/Debian) (preloaded format=pdflatex 2019.10.11)  12 NOV 2019 12:47
entering extended mode
 \write18 enabled.
 file:line:error style messages enabled.
 %&-line parsing enabled.
**abstraction.tex
(./abstraction.tex
LaTeX2e <2017-04-15>
Babel <3.18> and hyphenation patterns for 84 language(s) loaded.
(/usr/share/texlive/texmf-dist/tex/latex/beamer/beamer.cls
Document Class: beamer 2018/02/20 v3.50 A class for typesetting presentations
(/usr/share/texlive/texmf-dist/tex/latex/beamer/beamerbasemodes.sty
(/usr/share/texlive/texmf-dist/tex/latex/etoolbox/etoolbox.sty
Package: etoolbox 2018/02/11 v2.5e e-TeX tools for LaTeX (JAW)
\etb@tempcnta=\count79
)
\beamer@tempbox=\box26
\beamer@tempcount=\count80
\c@beamerpauses=\count81

(/usr/share/texlive/texmf-dist/tex/latex/beamer/beamerbasedecode.sty
\beamer@slideinframe=\count82
\beamer@minimum=\count83
)
\beamer@commentbox=\box27
\beamer@modecount=\count84
)
(/usr/share/texlive/texmf-dist/tex/generic/oberdiek/ifpdf.sty
Package: ifpdf 2017/03/15 v3.2 Provides the ifpdf switch
)
\headdp=\dimen102
\footheight=\dimen103
\sidebarheight=\dimen104
\beamer@tempdim=\dimen105
\beamer@finalheight=\dimen106
\beamer@animht=\dimen107
\beamer@animdp=\dimen108
\beamer@animwd=\dimen109
\beamer@leftmargin=\dimen110
\beamer@rightmargin=\dimen111
\beamer@leftsidebar=\dimen112
\beamer@rightsidebar=\dimen113
\beamer@boxsize=\dimen114
\beamer@vboxoffset=\dimen115
\beamer@descdefault=\dimen116
\beamer@descriptionwidth=\dimen117
\beamer@lastskip=\skip41
\beamer@areabox=\box28
\beamer@animcurrent=\box29
\beamer@animshowbox=\box30
\beamer@sectionbox=\box31
\beamer@logobox=\box32
\beamer@linebox=\box33
\beamer@sectioncount=\count85
\beamer@subsubsectionmax=\count86
\beamer@subsectionmax=\count87
\beamer@sectionmax=\count88
\beamer@totalheads=\count89
\beamer@headcounter=\count90
\beamer@partstartpage=\count91
\beamer@sectionstartpage=\count92
\beamer@subsectionstartpage=\count93
\beamer@animationtempa=\count94
\beamer@animationtempb=\count95
\beamer@xpos=\count96
\beamer@ypos=\count97
\beamer@ypos@offset=\count98
\beamer@showpartnumber=\count99
\beamer@currentsubsection=\count100
\beamer@coveringdepth=\count101
\beamer@sectionadjust=\count102
\beamer@tocsectionnumber=\count103

(/usr/share/texlive/texmf-dist/tex/latex/beamer/beamerbaseoptions.sty
(/usr/share/texlive/texmf-dist/tex/latex/graphics/keyval.sty
Package: keyval 2014/10/28 v1.15 key=value parser (DPC)
\KV@toks@=\toks14
))
\beamer@paperwidth=\skip42
\beamer@paperheight=\skip43

(/usr/share/texlive/texmf-dist/tex/latex/geometry/geometry.sty
Package: geometry 2010/09/12 v5.6 Page Geometry

(/usr/share/texlive/texmf-dist/tex/generic/oberdiek/ifvtex.sty
Package: ifvtex 2016/05/16 v1.6 Detect VTeX and its facilities (HO)
Package ifvtex Info: VTeX not detected.
)
(/usr/share/texlive/texmf-dist/tex/generic/ifxetex/ifxetex.sty
Package: ifxetex 2010/09/12 v0.6 Provides ifxetex conditional
)
\Gm@cnth=\count104
\Gm@cntv=\count105
\c@Gm@tempcnt=\count106
\Gm@bindingoffset=\dimen118
\Gm@wd@mp=\dimen119
\Gm@odd@mp=\dimen120
\Gm@even@mp=\dimen121
\Gm@layoutwidth=\dimen122
\Gm@layoutheight=\dimen123
\Gm@layouthoffset=\dimen124
\Gm@layoutvoffset=\dimen125
\Gm@dimlist=\toks15
)
(/usr/share/texlive/texmf-dist/tex/latex/base/size11.clo
File: size11.clo 2014/09/29 v1.4h Standard LaTeX file (size option)
)
(/usr/share/texlive/texmf-dist/tex/latex/pgf/basiclayer/pgfcore.sty
(/usr/share/texlive/texmf-dist/tex/latex/graphics/graphicx.sty
Package: graphicx 2017/06/01 v1.1a Enhanced LaTeX Graphics (DPC,SPQR)

(/usr/share/texlive/texmf-dist/tex/latex/graphics/graphics.sty
Package: graphics 2017/06/25 v1.2c Standard LaTeX Graphics (DPC,SPQR)

(/usr/share/texlive/texmf-dist/tex/latex/graphics/trig.sty
Package: trig 2016/01/03 v1.10 sin cos tan (DPC)
)
(/usr/share/texlive/texmf-dist/tex/latex/graphics-cfg/graphics.cfg
File: graphics.cfg 2016/06/04 v1.11 sample graphics configuration
)
Package graphics Info: Driver file: pdftex.def on input line 99.

(/usr/share/texlive/texmf-dist/tex/latex/graphics-def/pdftex.def
File: pdftex.def 2018/01/08 v1.0l Graphics/color driver for pdftex
))
\Gin@req@height=\dimen126
\Gin@req@width=\dimen127
)
(/usr/share/texlive/texmf-dist/tex/latex/pgf/systemlayer/pgfsys.sty
(/usr/share/texlive/texmf-dist/tex/latex/pgf/utilities/pgfrcs.sty
(/usr/share/texlive/texmf-dist/tex/generic/pgf/utilities/pgfutil-common.tex
\pgfutil@everybye=\toks16
\pgfutil@tempdima=\dimen128
\pgfutil@tempdimb=\dimen129

(/usr/share/texlive/texmf-dist/tex/generic/pgf/utilities/pgfutil-common-lists.t
ex)) (/usr/share/texlive/texmf-dist/tex/generic/pgf/utilities/pgfutil-latex.def
\pgfutil@abb=\box34
(/usr/share/texlive/texmf-dist/tex/latex/ms/everyshi.sty
Package: everyshi 2001/05/15 v3.00 EveryShipout Package (MS)
))
(/usr/share/texlive/texmf-dist/tex/generic/pgf/utilities/pgfrcs.code.tex
Package: pgfrcs 2015/08/07 v3.0.1a (rcs-revision 1.31)
))
(/usr/share/texlive/texmf-dist/tex/generic/pgf/systemlayer/pgfsys.code.tex
Package: pgfsys 2014/07/09 v3.0.1a (rcs-revision 1.48)

(/usr/share/texlive/texmf-dist/tex/generic/pgf/utilities/pgfkeys.code.tex
\pgfkeys@pathtoks=\toks17
\pgfkeys@temptoks=\toks18

(/usr/share/texlive/texmf-dist/tex/generic/pgf/utilities/pgfkeysfiltered.code.t
ex
\pgfkeys@tmptoks=\toks19
))
\pgf@x=\dimen130
\pgf@y=\dimen131
\pgf@xa=\dimen132
\pgf@ya=\dimen133
\pgf@xb=\dimen134
\pgf@yb=\dimen135
\pgf@xc=\dimen136
\pgf@yc=\dimen137
\w@pgf@writea=\write3
\r@pgf@reada=\read1
\c@pgf@counta=\count107
\c@pgf@countb=\count108
\c@pgf@countc=\count109
\c@pgf@countd=\count110
\t@pgf@toka=\toks20
\t@pgf@tokb=\toks21
\t@pgf@tokc=\toks22
 (/usr/share/texlive/texmf-dist/tex/generic/pgf/systemlayer/pgf.cfg
File: pgf.cfg 2008/05/14  (rcs-revision 1.7)
)
Driver file for pgf: pgfsys-pdftex.def

(/usr/share/texlive/texmf-dist/tex/generic/pgf/systemlayer/pgfsys-pdftex.def
File: pgfsys-pdftex.def 2014/10/11  (rcs-revision 1.35)

(/usr/share/texlive/texmf-dist/tex/generic/pgf/systemlayer/pgfsys-common-pdf.de
f
File: pgfsys-common-pdf.def 2013/10/10  (rcs-revision 1.13)
)))
(/usr/share/texlive/texmf-dist/tex/generic/pgf/systemlayer/pgfsyssoftpath.code.
tex
File: pgfsyssoftpath.code.tex 2013/09/09  (rcs-revision 1.9)
\pgfsyssoftpath@smallbuffer@items=\count111
\pgfsyssoftpath@bigbuffer@items=\count112
)
(/usr/share/texlive/texmf-dist/tex/generic/pgf/systemlayer/pgfsysprotocol.code.
tex
File: pgfsysprotocol.code.tex 2006/10/16  (rcs-revision 1.4)
)) (/usr/share/texlive/texmf-dist/tex/latex/xcolor/xcolor.sty
Package: xcolor 2016/05/11 v2.12 LaTeX color extensions (UK)

(/usr/share/texlive/texmf-dist/tex/latex/graphics-cfg/color.cfg
File: color.cfg 2016/01/02 v1.6 sample color configuration
)
Package xcolor Info: Driver file: pdftex.def on input line 225.
Package xcolor Info: Model `cmy' substituted by `cmy0' on input line 1348.
Package xcolor Info: Model `hsb' substituted by `rgb' on input line 1352.
Package xcolor Info: Model `RGB' extended on input line 1364.
Package xcolor Info: Model `HTML' substituted by `rgb' on input line 1366.
Package xcolor Info: Model `Hsb' substituted by `hsb' on input line 1367.
Package xcolor Info: Model `tHsb' substituted by `hsb' on input line 1368.
Package xcolor Info: Model `HSB' substituted by `hsb' on input line 1369.
Package xcolor Info: Model `Gray' substituted by `gray' on input line 1370.
Package xcolor Info: Model `wave' substituted by `hsb' on input line 1371.
)
(/usr/share/texlive/texmf-dist/tex/generic/pgf/basiclayer/pgfcore.code.tex
Package: pgfcore 2010/04/11 v3.0.1a (rcs-revision 1.7)

(/usr/share/texlive/texmf-dist/tex/generic/pgf/math/pgfmath.code.tex
(/usr/share/texlive/texmf-dist/tex/generic/pgf/math/pgfmathcalc.code.tex
(/usr/share/texlive/texmf-dist/tex/generic/pgf/math/pgfmathutil.code.tex)
(/usr/share/texlive/texmf-dist/tex/generic/pgf/math/pgfmathparser.code.tex
\pgfmath@dimen=\dimen138
\pgfmath@count=\count113
\pgfmath@box=\box35
\pgfmath@toks=\toks23
\pgfmath@stack@operand=\toks24
\pgfmath@stack@operation=\toks25
)
(/usr/share/texlive/texmf-dist/tex/generic/pgf/math/pgfmathfunctions.code.tex
(/usr/share/texlive/texmf-dist/tex/generic/pgf/math/pgfmathfunctions.basic.code
.tex)
(/usr/share/texlive/texmf-dist/tex/generic/pgf/math/pgfmathfunctions.trigonomet
ric.code.tex)
(/usr/share/texlive/texmf-dist/tex/generic/pgf/math/pgfmathfunctions.random.cod
e.tex)
(/usr/share/texlive/texmf-dist/tex/generic/pgf/math/pgfmathfunctions.comparison
.code.tex)
(/usr/share/texlive/texmf-dist/tex/generic/pgf/math/pgfmathfunctions.base.code.
tex)
(/usr/share/texlive/texmf-dist/tex/generic/pgf/math/pgfmathfunctions.round.code
.tex)
(/usr/share/texlive/texmf-dist/tex/generic/pgf/math/pgfmathfunctions.misc.code.
tex)
(/usr/share/texlive/texmf-dist/tex/generic/pgf/math/pgfmathfunctions.integerari
thmetics.code.tex)))
(/usr/share/texlive/texmf-dist/tex/generic/pgf/math/pgfmathfloat.code.tex
\c@pgfmathroundto@lastzeros=\count114
))
(/usr/share/texlive/texmf-dist/tex/generic/pgf/basiclayer/pgfcorepoints.code.te
x
File: pgfcorepoints.code.tex 2013/10/07  (rcs-revision 1.27)
\pgf@picminx=\dimen139
\pgf@picmaxx=\dimen140
\pgf@picminy=\dimen141
\pgf@picmaxy=\dimen142
\pgf@pathminx=\dimen143
\pgf@pathmaxx=\dimen144
\pgf@pathminy=\dimen145
\pgf@pathmaxy=\dimen146
\pgf@xx=\dimen147
\pgf@xy=\dimen148
\pgf@yx=\dimen149
\pgf@yy=\dimen150
\pgf@zx=\dimen151
\pgf@zy=\dimen152
)
(/usr/share/texlive/texmf-dist/tex/generic/pgf/basiclayer/pgfcorepathconstruct.
code.tex
File: pgfcorepathconstruct.code.tex 2013/10/07  (rcs-revision 1.29)
\pgf@path@lastx=\dimen153
\pgf@path@lasty=\dimen154
)
(/usr/share/texlive/texmf-dist/tex/generic/pgf/basiclayer/pgfcorepathusage.code
.tex
File: pgfcorepathusage.code.tex 2014/11/02  (rcs-revision 1.24)
\pgf@shorten@end@additional=\dimen155
\pgf@shorten@start@additional=\dimen156
)
(/usr/share/texlive/texmf-dist/tex/generic/pgf/basiclayer/pgfcorescopes.code.te
x
File: pgfcorescopes.code.tex 2015/05/08  (rcs-revision 1.46)
\pgfpic=\box36
\pgf@hbox=\box37
\pgf@layerbox@main=\box38
\pgf@picture@serial@count=\count115
)
(/usr/share/texlive/texmf-dist/tex/generic/pgf/basiclayer/pgfcoregraphicstate.c
ode.tex
File: pgfcoregraphicstate.code.tex 2014/11/02  (rcs-revision 1.12)
\pgflinewidth=\dimen157
)
(/usr/share/texlive/texmf-dist/tex/generic/pgf/basiclayer/pgfcoretransformation
s.code.tex
File: pgfcoretransformations.code.tex 2015/08/07  (rcs-revision 1.20)
\pgf@pt@x=\dimen158
\pgf@pt@y=\dimen159
\pgf@pt@temp=\dimen160
)
(/usr/share/texlive/texmf-dist/tex/generic/pgf/basiclayer/pgfcorequick.code.tex
File: pgfcorequick.code.tex 2008/10/09  (rcs-revision 1.3)
)
(/usr/share/texlive/texmf-dist/tex/generic/pgf/basiclayer/pgfcoreobjects.code.t
ex
File: pgfcoreobjects.code.tex 2006/10/11  (rcs-revision 1.2)
)
(/usr/share/texlive/texmf-dist/tex/generic/pgf/basiclayer/pgfcorepathprocessing
.code.tex
File: pgfcorepathprocessing.code.tex 2013/09/09  (rcs-revision 1.9)
)
(/usr/share/texlive/texmf-dist/tex/generic/pgf/basiclayer/pgfcorearrows.code.te
x
File: pgfcorearrows.code.tex 2015/05/14  (rcs-revision 1.43)
\pgfarrowsep=\dimen161
)
(/usr/share/texlive/texmf-dist/tex/generic/pgf/basiclayer/pgfcoreshade.code.tex
File: pgfcoreshade.code.tex 2013/07/15  (rcs-revision 1.15)
\pgf@max=\dimen162
\pgf@sys@shading@range@num=\count116
)
(/usr/share/texlive/texmf-dist/tex/generic/pgf/basiclayer/pgfcoreimage.code.tex
File: pgfcoreimage.code.tex 2013/07/15  (rcs-revision 1.18)

(/usr/share/texlive/texmf-dist/tex/generic/pgf/basiclayer/pgfcoreexternal.code.
tex
File: pgfcoreexternal.code.tex 2014/07/09  (rcs-revision 1.21)
\pgfexternal@startupbox=\box39
))
(/usr/share/texlive/texmf-dist/tex/generic/pgf/basiclayer/pgfcorelayers.code.te
x
File: pgfcorelayers.code.tex 2013/07/18  (rcs-revision 1.7)
)
(/usr/share/texlive/texmf-dist/tex/generic/pgf/basiclayer/pgfcoretransparency.c
ode.tex
File: pgfcoretransparency.code.tex 2013/09/30  (rcs-revision 1.5)
)
(/usr/share/texlive/texmf-dist/tex/generic/pgf/basiclayer/pgfcorepatterns.code.
tex
File: pgfcorepatterns.code.tex 2013/11/07  (rcs-revision 1.5)
))) (/usr/share/texlive/texmf-dist/tex/latex/pgf/utilities/xxcolor.sty
Package: xxcolor 2003/10/24 ver 0.1
\XC@nummixins=\count117
\XC@countmixins=\count118
)
(/usr/share/texlive/texmf-dist/tex/generic/oberdiek/atbegshi.sty
Package: atbegshi 2016/06/09 v1.18 At begin shipout hook (HO)

(/usr/share/texlive/texmf-dist/tex/generic/oberdiek/infwarerr.sty
Package: infwarerr 2016/05/16 v1.4 Providing info/warning/error messages (HO)
)
(/usr/share/texlive/texmf-dist/tex/generic/oberdiek/ltxcmds.sty
Package: ltxcmds 2016/05/16 v1.23 LaTeX kernel commands for general use (HO)
))
(/usr/share/texlive/texmf-dist/tex/latex/hyperref/hyperref.sty
Package: hyperref 2018/02/06 v6.86b Hypertext links for LaTeX

(/usr/share/texlive/texmf-dist/tex/generic/oberdiek/hobsub-hyperref.sty
Package: hobsub-hyperref 2016/05/16 v1.14 Bundle oberdiek, subset hyperref (HO)


(/usr/share/texlive/texmf-dist/tex/generic/oberdiek/hobsub-generic.sty
Package: hobsub-generic 2016/05/16 v1.14 Bundle oberdiek, subset generic (HO)
Package: hobsub 2016/05/16 v1.14 Construct package bundles (HO)
Package hobsub Info: Skipping package `infwarerr' (already loaded).
Package hobsub Info: Skipping package `ltxcmds' (already loaded).
Package: ifluatex 2016/05/16 v1.4 Provides the ifluatex switch (HO)
Package ifluatex Info: LuaTeX not detected.
Package hobsub Info: Skipping package `ifvtex' (already loaded).
Package: intcalc 2016/05/16 v1.2 Expandable calculations with integers (HO)
Package hobsub Info: Skipping package `ifpdf' (already loaded).
Package: etexcmds 2016/05/16 v1.6 Avoid name clashes with e-TeX commands (HO)
Package etexcmds Info: Could not find \expanded.
(etexcmds)             That can mean that you are not using pdfTeX 1.50 or
(etexcmds)             that some package has redefined \expanded.
(etexcmds)             In the latter case, load this package earlier.
Package: kvsetkeys 2016/05/16 v1.17 Key value parser (HO)
Package: kvdefinekeys 2016/05/16 v1.4 Define keys (HO)
Package: pdftexcmds 2018/01/21 v0.26 Utility functions of pdfTeX for LuaTeX (HO
)
Package pdftexcmds Info: LuaTeX not detected.
Package pdftexcmds Info: \pdf@primitive is available.
Package pdftexcmds Info: \pdf@ifprimitive is available.
Package pdftexcmds Info: \pdfdraftmode found.
Package: pdfescape 2016/05/16 v1.14 Implements pdfTeX's escape features (HO)
Package: bigintcalc 2016/05/16 v1.4 Expandable calculations on big integers (HO
)
Package: bitset 2016/05/16 v1.2 Handle bit-vector datatype (HO)
Package: uniquecounter 2016/05/16 v1.3 Provide unlimited unique counter (HO)
)
Package hobsub Info: Skipping package `hobsub' (already loaded).
Package: letltxmacro 2016/05/16 v1.5 Let assignment for LaTeX macros (HO)
Package: hopatch 2016/05/16 v1.3 Wrapper for package hooks (HO)
Package: xcolor-patch 2016/05/16 xcolor patch
Package: atveryend 2016/05/16 v1.9 Hooks at the very end of document (HO)
Package hobsub Info: Skipping package `atbegshi' (already loaded).
Package: refcount 2016/05/16 v3.5 Data extraction from label references (HO)
Package: hycolor 2016/05/16 v1.8 Color options for hyperref/bookmark (HO)
)
(/usr/share/texlive/texmf-dist/tex/latex/oberdiek/auxhook.sty
Package: auxhook 2016/05/16 v1.4 Hooks for auxiliary files (HO)
)
(/usr/share/texlive/texmf-dist/tex/latex/oberdiek/kvoptions.sty
Package: kvoptions 2016/05/16 v3.12 Key value format for package options (HO)
)
\@linkdim=\dimen163
\Hy@linkcounter=\count119
\Hy@pagecounter=\count120

(/usr/share/texlive/texmf-dist/tex/latex/hyperref/pd1enc.def
File: pd1enc.def 2018/02/06 v6.86b Hyperref: PDFDocEncoding definition (HO)
)
\Hy@SavedSpaceFactor=\count121

(/usr/share/texlive/texmf-dist/tex/latex/latexconfig/hyperref.cfg
File: hyperref.cfg 2002/06/06 v1.2 hyperref configuration of TeXLive
)
Package hyperref Info: Option `bookmarks' set `true' on input line 4383.
Package hyperref Info: Option `bookmarksopen' set `true' on input line 4383.
Package hyperref Info: Option `implicit' set `false' on input line 4383.
Package hyperref Info: Hyper figures OFF on input line 4509.
Package hyperref Info: Link nesting OFF on input line 4514.
Package hyperref Info: Hyper index ON on input line 4517.
Package hyperref Info: Plain pages OFF on input line 4524.
Package hyperref Info: Backreferencing OFF on input line 4529.
Package hyperref Info: Implicit mode OFF; no redefinition of LaTeX internals.
Package hyperref Info: Bookmarks ON on input line 4762.
\c@Hy@tempcnt=\count122

(/usr/share/texlive/texmf-dist/tex/latex/url/url.sty
\Urlmuskip=\muskip10
Package: url 2013/09/16  ver 3.4  Verb mode for urls, etc.
)
LaTeX Info: Redefining \url on input line 5115.
\XeTeXLinkMargin=\dimen164
\Fld@menulength=\count123
\Field@Width=\dimen165
\Fld@charsize=\dimen166
Package hyperref Info: Hyper figures OFF on input line 6369.
Package hyperref Info: Link nesting OFF on input line 6374.
Package hyperref Info: Hyper index ON on input line 6377.
Package hyperref Info: backreferencing OFF on input line 6384.
Package hyperref Info: Link coloring OFF on input line 6389.
Package hyperref Info: Link coloring with OCG OFF on input line 6394.
Package hyperref Info: PDF/A mode OFF on input line 6399.
LaTeX Info: Redefining \ref on input line 6439.
LaTeX Info: Redefining \pageref on input line 6443.
\Hy@abspage=\count124


Package hyperref Message: Stopped early.

)
Package hyperref Info: Driver (autodetected): hpdftex.
 (/usr/share/texlive/texmf-dist/tex/latex/hyperref/hpdftex.def
File: hpdftex.def 2018/02/06 v6.86b Hyperref driver for pdfTeX
\Fld@listcount=\count125
\c@bookmark@seq@number=\count126

(/usr/share/texlive/texmf-dist/tex/latex/oberdiek/rerunfilecheck.sty
Package: rerunfilecheck 2016/05/16 v1.8 Rerun checks for auxiliary files (HO)
Package uniquecounter Info: New unique counter `rerunfilecheck' on input line 2
82.
))
(/usr/share/texlive/texmf-dist/tex/latex/beamer/beamerbaserequires.sty
(/usr/share/texlive/texmf-dist/tex/latex/beamer/beamerbasecompatibility.sty)
(/usr/share/texlive/texmf-dist/tex/latex/beamer/beamerbasefont.sty
(/usr/share/texlive/texmf-dist/tex/latex/amsfonts/amssymb.sty
Package: amssymb 2013/01/14 v3.01 AMS font symbols

(/usr/share/texlive/texmf-dist/tex/latex/amsfonts/amsfonts.sty
Package: amsfonts 2013/01/14 v3.01 Basic AMSFonts support
\@emptytoks=\toks26
\symAMSa=\mathgroup4
\symAMSb=\mathgroup5
LaTeX Font Info:    Overwriting math alphabet `\mathfrak' in version `bold'
(Font)                  U/euf/m/n --> U/euf/b/n on input line 106.
))
(/usr/share/texlive/texmf-dist/tex/latex/sansmathaccent/sansmathaccent.sty
Package: sansmathaccent 2013/03/28

(/usr/share/texlive/texmf-dist/tex/latex/filehook/filehook.sty
Package: filehook 2011/10/12 v0.5d Hooks for input files
)))
(/usr/share/texlive/texmf-dist/tex/latex/beamer/beamerbasetranslator.sty
(/usr/share/texlive/texmf-dist/tex/latex/translator/translator.sty
Package: translator 2018/01/04 v1.12 Easy translation of strings in LaTeX
))
(/usr/share/texlive/texmf-dist/tex/latex/beamer/beamerbasemisc.sty)
(/usr/share/texlive/texmf-dist/tex/latex/beamer/beamerbasetwoscreens.sty)
(/usr/share/texlive/texmf-dist/tex/latex/beamer/beamerbaseoverlay.sty
\beamer@argscount=\count127
\beamer@lastskipcover=\skip44
\beamer@trivlistdepth=\count128
)
(/usr/share/texlive/texmf-dist/tex/latex/beamer/beamerbasetitle.sty)
(/usr/share/texlive/texmf-dist/tex/latex/beamer/beamerbasesection.sty
\c@lecture=\count129
\c@part=\count130
\c@section=\count131
\c@subsection=\count132
\c@subsubsection=\count133
)
(/usr/share/texlive/texmf-dist/tex/latex/beamer/beamerbaseframe.sty
\beamer@framebox=\box40
\beamer@frametitlebox=\box41
\beamer@zoombox=\box42
\beamer@zoomcount=\count134
\beamer@zoomframecount=\count135
\beamer@frametextheight=\dimen167
\c@subsectionslide=\count136
\beamer@frametopskip=\skip45
\beamer@framebottomskip=\skip46
\beamer@frametopskipautobreak=\skip47
\beamer@framebottomskipautobreak=\skip48
\beamer@envbody=\toks27
\framewidth=\dimen168
\c@framenumber=\count137
)
(/usr/share/texlive/texmf-dist/tex/latex/beamer/beamerbaseverbatim.sty
\beamer@verbatimfileout=\write4
)
(/usr/share/texlive/texmf-dist/tex/latex/beamer/beamerbaseframesize.sty
\beamer@splitbox=\box43
\beamer@autobreakcount=\count138
\beamer@autobreaklastheight=\dimen169
\beamer@frametitletoks=\toks28
\beamer@framesubtitletoks=\toks29
)
(/usr/share/texlive/texmf-dist/tex/latex/beamer/beamerbaseframecomponents.sty
\beamer@footins=\box44
)
(/usr/share/texlive/texmf-dist/tex/latex/beamer/beamerbasecolor.sty
\beamer@bg@ht=\dimen170
\beamer@bg@wd=\dimen171
\beamer@bg@dp=\dimen172
)
(/usr/share/texlive/texmf-dist/tex/latex/beamer/beamerbasenotes.sty
\beamer@frameboxcopy=\box45
)
(/usr/share/texlive/texmf-dist/tex/latex/beamer/beamerbasetoc.sty)
(/usr/share/texlive/texmf-dist/tex/latex/beamer/beamerbasetemplates.sty
\beamer@sbttoks=\toks30

(/usr/share/texlive/texmf-dist/tex/latex/beamer/beamerbaseauxtemplates.sty
(/usr/share/texlive/texmf-dist/tex/latex/beamer/beamerbaseboxes.sty
\bmb@box=\box46
\bmb@colorbox=\box47
\bmb@boxshadow=\box48
\bmb@boxshadowball=\box49
\bmb@boxshadowballlarge=\box50
\bmb@temp=\dimen173
\bmb@dima=\dimen174
\bmb@dimb=\dimen175
\bmb@prevheight=\dimen176
)
\beamer@blockheadheight=\dimen177
))
(/usr/share/texlive/texmf-dist/tex/latex/beamer/beamerbaselocalstructure.sty
(/usr/share/texlive/texmf-dist/tex/latex/tools/enumerate.sty
Package: enumerate 2015/07/23 v3.00 enumerate extensions (DPC)
\@enLab=\toks31
)
\c@figure=\count139
\c@table=\count140
\abovecaptionskip=\skip49
\belowcaptionskip=\skip50
)
(/usr/share/texlive/texmf-dist/tex/latex/beamer/beamerbasenavigation.sty
\beamer@section@min@dim=\dimen178
)
(/usr/share/texlive/texmf-dist/tex/latex/beamer/beamerbasetheorems.sty
(/usr/share/texlive/texmf-dist/tex/latex/amsmath/amsmath.sty
Package: amsmath 2017/09/02 v2.17a AMS math features
\@mathmargin=\skip51

For additional information on amsmath, use the `?' option.
(/usr/share/texlive/texmf-dist/tex/latex/amsmath/amstext.sty
Package: amstext 2000/06/29 v2.01 AMS text

(/usr/share/texlive/texmf-dist/tex/latex/amsmath/amsgen.sty
File: amsgen.sty 1999/11/30 v2.0 generic functions
\@emptytoks=\toks32
\ex@=\dimen179
))
(/usr/share/texlive/texmf-dist/tex/latex/amsmath/amsbsy.sty
Package: amsbsy 1999/11/29 v1.2d Bold Symbols
\pmbraise@=\dimen180
)
(/usr/share/texlive/texmf-dist/tex/latex/amsmath/amsopn.sty
Package: amsopn 2016/03/08 v2.02 operator names
)
\inf@bad=\count141
LaTeX Info: Redefining \frac on input line 213.
\uproot@=\count142
\leftroot@=\count143
LaTeX Info: Redefining \overline on input line 375.
\classnum@=\count144
\DOTSCASE@=\count145
LaTeX Info: Redefining \ldots on input line 472.
LaTeX Info: Redefining \dots on input line 475.
LaTeX Info: Redefining \cdots on input line 596.
\Mathstrutbox@=\box51
\strutbox@=\box52
\big@size=\dimen181
LaTeX Font Info:    Redeclaring font encoding OML on input line 712.
LaTeX Font Info:    Redeclaring font encoding OMS on input line 713.
\macc@depth=\count146
\c@MaxMatrixCols=\count147
\dotsspace@=\muskip11
\c@parentequation=\count148
\dspbrk@lvl=\count149
\tag@help=\toks33
\row@=\count150
\column@=\count151
\maxfields@=\count152
\andhelp@=\toks34
\eqnshift@=\dimen182
\alignsep@=\dimen183
\tagshift@=\dimen184
\tagwidth@=\dimen185
\totwidth@=\dimen186
\lineht@=\dimen187
\@envbody=\toks35
\multlinegap=\skip52
\multlinetaggap=\skip53
\mathdisplay@stack=\toks36
LaTeX Info: Redefining \[ on input line 2817.
LaTeX Info: Redefining \] on input line 2818.
)
(/usr/share/texlive/texmf-dist/tex/latex/amscls/amsthm.sty
Package: amsthm 2017/10/31 v2.20.4
\thm@style=\toks37
\thm@bodyfont=\toks38
\thm@headfont=\toks39
\thm@notefont=\toks40
\thm@headpunct=\toks41
\thm@preskip=\skip54
\thm@postskip=\skip55
\thm@headsep=\skip56
\dth@everypar=\toks42
)
\c@theorem=\count153
)
(/usr/share/texlive/texmf-dist/tex/latex/beamer/beamerbasethemes.sty))
(/usr/share/texlive/texmf-dist/tex/latex/beamer/beamerthemedefault.sty
(/usr/share/texlive/texmf-dist/tex/latex/beamer/beamerfontthemedefault.sty)
(/usr/share/texlive/texmf-dist/tex/latex/beamer/beamercolorthemedefault.sty)
(/usr/share/texlive/texmf-dist/tex/latex/beamer/beamerinnerthemedefault.sty
\beamer@dima=\dimen188
\beamer@dimb=\dimen189
)
(/usr/share/texlive/texmf-dist/tex/latex/beamer/beamerouterthemedefault.sty)))
(/usr/share/texlive/texmf-dist/tex/latex/caption/caption.sty
Package: caption 2016/02/21 v3.3-144 Customizing captions (AR)

(/usr/share/texlive/texmf-dist/tex/latex/caption/caption3.sty
Package: caption3 2016/05/22 v1.7-166 caption3 kernel (AR)
Package caption3 Info: TeX engine: e-TeX on input line 67.
\captionmargin=\dimen190
\captionmargin@=\dimen191
\captionwidth=\dimen192
\caption@tempdima=\dimen193
\caption@indent=\dimen194
\caption@parindent=\dimen195
\caption@hangindent=\dimen196
)
\c@ContinuedFloat=\count154
Package caption Info: beamer document class.
Package caption Info: hyperref package is loaded.
Package caption Info: Hyperref support is turned off
(caption)             because hyperref has stopped early.
)
(/usr/share/texlive/texmf-dist/tex/latex/minted/minted.sty
Package: minted 2017/07/19 v2.5 Yet another Pygments shim for LaTeX

(/usr/share/texlive/texmf-dist/tex/latex/fvextra/fvextra.sty
Package: fvextra 2017/07/08 v1.3.1 fvextra - extensions and patches for fancyvr
b

(/usr/share/texlive/texmf-dist/tex/latex/base/ifthen.sty
Package: ifthen 2014/09/29 v1.1c Standard LaTeX ifthen package (DPC)
)
(/usr/share/texlive/texmf-dist/tex/latex/fancyvrb/fancyvrb.sty
Package: fancyvrb 2008/02/07

Style option: `fancyvrb' v2.7a, with DG/SPQR fixes, and firstline=lastline fix 
<2008/02/07> (tvz)
\FV@CodeLineNo=\count155
\FV@InFile=\read2
\FV@TabBox=\box53
\c@FancyVerbLine=\count156
\FV@StepNumber=\count157
\FV@OutFile=\write5
)
(/usr/share/texlive/texmf-dist/tex/latex/upquote/upquote.sty
Package: upquote 2012/04/19 v1.3 upright-quote and grave-accent glyphs in verba
tim
)
(/usr/share/texlive/texmf-dist/tex/latex/lineno/lineno.sty
Package: lineno 2005/11/02 line numbers on paragraphs v4.41
\linenopenalty=\count158
\output=\toks43
\linenoprevgraf=\count159
\linenumbersep=\dimen197
\linenumberwidth=\dimen198
\c@linenumber=\count160
\c@pagewiselinenumber=\count161
\c@LN@truepage=\count162
\c@internallinenumber=\count163
\c@internallinenumbers=\count164
\quotelinenumbersep=\dimen199
\bframerule=\dimen256
\bframesep=\dimen257
\bframebox=\box54
LaTeX Info: Redefining \\ on input line 3056.
)
\c@FV@TrueTabGroupLevel=\count165
\c@FV@TrueTabCounter=\count166
\FV@TabBox@Group=\box55
\FV@TmpLength=\skip57
\c@FV@HighlightLinesStart=\count167
\c@FV@HighlightLinesStop=\count168
\FV@LoopCount=\count169
\FV@NCharsBox=\box56
\FV@BreakIndent=\dimen258
\FV@BreakIndentNChars=\count170
\FV@BreakSymbolSepLeft=\dimen259
\FV@BreakSymbolSepLeftNChars=\count171
\FV@BreakSymbolSepRight=\dimen260
\FV@BreakSymbolSepRightNChars=\count172
\FV@BreakSymbolIndentLeft=\dimen261
\FV@BreakSymbolIndentLeftNChars=\count173
\FV@BreakSymbolIndentRight=\dimen262
\FV@BreakSymbolIndentRightNChars=\count174
\c@FancyVerbLineBreakLast=\count175
\FV@LineBox=\box57
\FV@LineIndentBox=\box58
)
(/usr/share/texlive/texmf-dist/tex/latex/tools/calc.sty
Package: calc 2014/10/28 v4.3 Infix arithmetic (KKT,FJ)
\calc@Acount=\count176
\calc@Bcount=\count177
\calc@Adimen=\dimen263
\calc@Bdimen=\dimen264
\calc@Askip=\skip58
\calc@Bskip=\skip59
LaTeX Info: Redefining \setlength on input line 80.
LaTeX Info: Redefining \addtolength on input line 81.
\calc@Ccount=\count178
\calc@Cskip=\skip60
)
(/usr/share/texlive/texmf-dist/tex/latex/tools/shellesc.sty
Package: shellesc 2016/06/07 v0.02a unified shell escape interface for LaTeX
Package shellesc Info: Unrestricted shell escape enabled on input line 67.
)
(/usr/share/texlive/texmf-dist/tex/latex/ifplatform/ifplatform.sty
Package: ifplatform 2017/10/13 v0.4a Testing for the operating system

(/usr/share/texlive/texmf-dist/tex/generic/oberdiek/catchfile.sty
Package: catchfile 2016/05/16 v1.7 Catch the contents of a file (HO)
)
runsystem(uname -s > "abstraction.w18")...executed.


(./abstraction.w18)
runsystem(rm -- "abstraction.w18")...executed.

)
(/usr/share/texlive/texmf-dist/tex/generic/xstring/xstring.sty
(/usr/share/texlive/texmf-dist/tex/generic/xstring/xstring.tex
\@xs@message=\write6
\integerpart=\count179
\decimalpart=\count180
)
Package: xstring 2013/10/13  v1.7c  String manipulations (C Tellechea)
)
(/usr/share/texlive/texmf-dist/tex/latex/framed/framed.sty
Package: framed 2011/10/22 v 0.96: framed or shaded text with page breaks
\OuterFrameSep=\skip61
\fb@frw=\dimen265
\fb@frh=\dimen266
\FrameRule=\dimen267
\FrameSep=\dimen268
)
(/usr/share/texlive/texmf-dist/tex/latex/float/float.sty
Package: float 2001/11/08 v1.3d Float enhancements (AL)
\c@float@type=\count181
\float@exts=\toks44
\float@box=\box59
\@float@everytoks=\toks45
\@floatcapt=\box60
)
\minted@appexistsfile=\read3
\minted@bgbox=\box61
\minted@code=\write7
\c@minted@FancyVerbLineTemp=\count182
\c@minted@pygmentizecounter=\count183
\@float@every@listing=\toks46
\c@listing=\count184
)
runsystem(mkdir -p _minted-abstraction)...executed.


(/usr/share/texlive/texmf-dist/tex/latex/pgf/frontendlayer/tikz.sty
(/usr/share/texlive/texmf-dist/tex/latex/pgf/basiclayer/pgf.sty
Package: pgf 2015/08/07 v3.0.1a (rcs-revision 1.15)

(/usr/share/texlive/texmf-dist/tex/generic/pgf/modules/pgfmoduleshapes.code.tex
File: pgfmoduleshapes.code.tex 2014/03/21  (rcs-revision 1.35)
\pgfnodeparttextbox=\box62
) (/usr/share/texlive/texmf-dist/tex/generic/pgf/modules/pgfmoduleplot.code.tex
File: pgfmoduleplot.code.tex 2015/08/03  (rcs-revision 1.13)
)
(/usr/share/texlive/texmf-dist/tex/latex/pgf/compatibility/pgfcomp-version-0-65
.sty
Package: pgfcomp-version-0-65 2007/07/03 v3.0.1a (rcs-revision 1.7)
\pgf@nodesepstart=\dimen269
\pgf@nodesepend=\dimen270
)
(/usr/share/texlive/texmf-dist/tex/latex/pgf/compatibility/pgfcomp-version-1-18
.sty
Package: pgfcomp-version-1-18 2007/07/23 v3.0.1a (rcs-revision 1.1)
)) (/usr/share/texlive/texmf-dist/tex/latex/pgf/utilities/pgffor.sty
(/usr/share/texlive/texmf-dist/tex/latex/pgf/utilities/pgfkeys.sty
(/usr/share/texlive/texmf-dist/tex/generic/pgf/utilities/pgfkeys.code.tex))
(/usr/share/texlive/texmf-dist/tex/latex/pgf/math/pgfmath.sty
(/usr/share/texlive/texmf-dist/tex/generic/pgf/math/pgfmath.code.tex))
(/usr/share/texlive/texmf-dist/tex/generic/pgf/utilities/pgffor.code.tex
Package: pgffor 2013/12/13 v3.0.1a (rcs-revision 1.25)

(/usr/share/texlive/texmf-dist/tex/generic/pgf/math/pgfmath.code.tex)
\pgffor@iter=\dimen271
\pgffor@skip=\dimen272
\pgffor@stack=\toks47
\pgffor@toks=\toks48
))
(/usr/share/texlive/texmf-dist/tex/generic/pgf/frontendlayer/tikz/tikz.code.tex
Package: tikz 2015/08/07 v3.0.1a (rcs-revision 1.151)

(/usr/share/texlive/texmf-dist/tex/generic/pgf/libraries/pgflibraryplothandlers
.code.tex
File: pgflibraryplothandlers.code.tex 2013/08/31 v3.0.1a (rcs-revision 1.20)
\pgf@plot@mark@count=\count185
\pgfplotmarksize=\dimen273
)
\tikz@lastx=\dimen274
\tikz@lasty=\dimen275
\tikz@lastxsaved=\dimen276
\tikz@lastysaved=\dimen277
\tikzleveldistance=\dimen278
\tikzsiblingdistance=\dimen279
\tikz@figbox=\box63
\tikz@figbox@bg=\box64
\tikz@tempbox=\box65
\tikz@tempbox@bg=\box66
\tikztreelevel=\count186
\tikznumberofchildren=\count187
\tikznumberofcurrentchild=\count188
\tikz@fig@count=\count189

(/usr/share/texlive/texmf-dist/tex/generic/pgf/modules/pgfmodulematrix.code.tex
File: pgfmodulematrix.code.tex 2013/09/17  (rcs-revision 1.8)
\pgfmatrixcurrentrow=\count190
\pgfmatrixcurrentcolumn=\count191
\pgf@matrix@numberofcolumns=\count192
)
\tikz@expandcount=\count193

(/usr/share/texlive/texmf-dist/tex/generic/pgf/frontendlayer/tikz/libraries/tik
zlibrarytopaths.code.tex
File: tikzlibrarytopaths.code.tex 2008/06/17 v3.0.1a (rcs-revision 1.2)
)))
(/usr/share/texlive/texmf-dist/tex/generic/pgf/frontendlayer/tikz/libraries/tik
zlibraryshapes.geometric.code.tex
File: tikzlibraryshapes.geometric.code.tex 2008/01/09 v3.0.1a (rcs-revision 1.1
)

(/usr/share/texlive/texmf-dist/tex/generic/pgf/libraries/shapes/pgflibraryshape
s.geometric.code.tex
File: pgflibraryshapes.geometric.code.tex 2008/06/26 v3.0.1a (rcs-revision 1.1)

))
(/usr/share/texlive/texmf-dist/tex/generic/pgf/frontendlayer/tikz/libraries/tik
zlibraryarrows.code.tex
File: tikzlibraryarrows.code.tex 2008/01/09 v3.0.1a (rcs-revision 1.1)

(/usr/share/texlive/texmf-dist/tex/generic/pgf/libraries/pgflibraryarrows.code.
tex
File: pgflibraryarrows.code.tex 2013/09/23 v3.0.1a (rcs-revision 1.16)
\arrowsize=\dimen280
)) (/usr/share/texlive/texmf-dist/tex/latex/caption/subcaption.sty
Package: subcaption 2016/05/22 v1.1-161 Sub-captions (AR)
\c@subfigure=\count194
\c@subtable=\count195
)
(/usr/share/texlive/texmf-dist/tex/latex/beamer/beamerthemeSingapore.sty
(/usr/share/texlive/texmf-dist/tex/latex/beamer/beamerouterthememiniframes.sty)
)
runsystem(which pygmentize && touch abstraction.aex)...executed.

runsystem(rm abstraction.aex)...executed.

 (./abstraction.aux)
\openout1 = `abstraction.aux'.

LaTeX Font Info:    Checking defaults for OML/cmm/m/it on input line 22.
LaTeX Font Info:    ... okay on input line 22.
LaTeX Font Info:    Checking defaults for T1/cmr/m/n on input line 22.
LaTeX Font Info:    ... okay on input line 22.
LaTeX Font Info:    Checking defaults for OT1/cmr/m/n on input line 22.
LaTeX Font Info:    ... okay on input line 22.
LaTeX Font Info:    Checking defaults for OMS/cmsy/m/n on input line 22.
LaTeX Font Info:    ... okay on input line 22.
LaTeX Font Info:    Checking defaults for OMX/cmex/m/n on input line 22.
LaTeX Font Info:    ... okay on input line 22.
LaTeX Font Info:    Checking defaults for U/cmr/m/n on input line 22.
LaTeX Font Info:    ... okay on input line 22.
LaTeX Font Info:    Checking defaults for PD1/pdf/m/n on input line 22.
LaTeX Font Info:    ... okay on input line 22.

*geometry* driver: auto-detecting
*geometry* detected driver: pdftex
*geometry* verbose mode - [ preamble ] result:
* driver: pdftex
* paper: custom
* layout: <same size as paper>
* layoutoffset:(h,v)=(0.0pt,0.0pt)
* modes: includehead includefoot 
* h-part:(L,W,R)=(28.45274pt, 307.28987pt, 28.45274pt)
* v-part:(T,H,B)=(0.0pt, 273.14662pt, 0.0pt)
* \paperwidth=364.19536pt
* \paperheight=273.14662pt
* \textwidth=307.28987pt
* \textheight=244.6939pt
* \oddsidemargin=-43.81725pt
* \evensidemargin=-43.81725pt
* \topmargin=-72.26999pt
* \headheight=14.22636pt
* \headsep=0.0pt
* \topskip=11.0pt
* \footskip=14.22636pt
* \marginparwidth=4.0pt
* \marginparsep=10.0pt
* \columnsep=10.0pt
* \skip\footins=10.0pt plus 4.0pt minus 2.0pt
* \hoffset=0.0pt
* \voffset=0.0pt
* \mag=1000
* \@twocolumnfalse
* \@twosidefalse
* \@mparswitchfalse
* \@reversemarginfalse
* (1in=72.27pt=25.4mm, 1cm=28.453pt)

(/usr/share/texlive/texmf-dist/tex/context/base/mkii/supp-pdf.mkii
[Loading MPS to PDF converter (version 2006.09.02).]
\scratchcounter=\count196
\scratchdimen=\dimen281
\scratchbox=\box67
\nofMPsegments=\count197
\nofMParguments=\count198
\everyMPshowfont=\toks49
\MPscratchCnt=\count199
\MPscratchDim=\dimen282
\MPnumerator=\count266
\makeMPintoPDFobject=\count267
\everyMPtoPDFconversion=\toks50
) (/usr/share/texlive/texmf-dist/tex/latex/oberdiek/epstopdf-base.sty
Package: epstopdf-base 2016/05/15 v2.6 Base part for package epstopdf

(/usr/share/texlive/texmf-dist/tex/latex/oberdiek/grfext.sty
Package: grfext 2016/05/16 v1.2 Manage graphics extensions (HO)
)
Package epstopdf-base Info: Redefining graphics rule for `.eps' on input line 4
38.
Package grfext Info: Graphics extension search list:
(grfext)             [.pdf,.png,.jpg,.mps,.jpeg,.jbig2,.jb2,.PDF,.PNG,.JPG,.JPE
G,.JBIG2,.JB2,.eps]
(grfext)             \AppendGraphicsExtensions on input line 456.

(/usr/share/texlive/texmf-dist/tex/latex/latexconfig/epstopdf-sys.cfg
File: epstopdf-sys.cfg 2010/07/13 v1.3 Configuration of (r)epstopdf for TeX Liv
e
))
ABD: EveryShipout initializing macros
\AtBeginShipoutBox=\box68
Package hyperref Info: Link coloring OFF on input line 22.

(/usr/share/texlive/texmf-dist/tex/latex/hyperref/nameref.sty
Package: nameref 2016/05/21 v2.44 Cross-referencing by name of section

(/usr/share/texlive/texmf-dist/tex/generic/oberdiek/gettitlestring.sty
Package: gettitlestring 2016/05/16 v1.5 Cleanup title references (HO)
)
\c@section@level=\count268
)
LaTeX Info: Redefining \ref on input line 22.
LaTeX Info: Redefining \pageref on input line 22.
LaTeX Info: Redefining \nameref on input line 22.

(./abstraction.out) (./abstraction.out)
\@outlinefile=\write8
\openout8 = `abstraction.out'.

LaTeX Font Info:    Overwriting symbol font `operators' in version `normal'
(Font)                  OT1/cmr/m/n --> OT1/cmss/m/n on input line 22.
LaTeX Font Info:    Overwriting symbol font `operators' in version `bold'
(Font)                  OT1/cmr/bx/n --> OT1/cmss/bx/n on input line 22.
\symnumbers=\mathgroup6
\sympureletters=\mathgroup7
LaTeX Font Info:    Overwriting math alphabet `\mathrm' in version `normal'
(Font)                  OT1/cmss/m/n --> OT1/cmr/m/n on input line 22.
LaTeX Font Info:    Redeclaring math alphabet \mathbf on input line 22.
LaTeX Font Info:    Overwriting math alphabet `\mathbf' in version `normal'
(Font)                  OT1/cmr/bx/n --> OT1/cmss/bx/n on input line 22.
LaTeX Font Info:    Overwriting math alphabet `\mathbf' in version `bold'
(Font)                  OT1/cmr/bx/n --> OT1/cmss/bx/n on input line 22.
LaTeX Font Info:    Redeclaring math alphabet \mathsf on input line 22.
LaTeX Font Info:    Overwriting math alphabet `\mathsf' in version `normal'
(Font)                  OT1/cmss/m/n --> OT1/cmss/m/n on input line 22.
LaTeX Font Info:    Overwriting math alphabet `\mathsf' in version `bold'
(Font)                  OT1/cmss/bx/n --> OT1/cmss/m/n on input line 22.
LaTeX Font Info:    Redeclaring math alphabet \mathit on input line 22.
LaTeX Font Info:    Overwriting math alphabet `\mathit' in version `normal'
(Font)                  OT1/cmr/m/it --> OT1/cmss/m/it on input line 22.
LaTeX Font Info:    Overwriting math alphabet `\mathit' in version `bold'
(Font)                  OT1/cmr/bx/it --> OT1/cmss/m/it on input line 22.
LaTeX Font Info:    Redeclaring math alphabet \mathtt on input line 22.
LaTeX Font Info:    Overwriting math alphabet `\mathtt' in version `normal'
(Font)                  OT1/cmtt/m/n --> OT1/cmtt/m/n on input line 22.
LaTeX Font Info:    Overwriting math alphabet `\mathtt' in version `bold'
(Font)                  OT1/cmtt/m/n --> OT1/cmtt/m/n on input line 22.
LaTeX Font Info:    Overwriting symbol font `numbers' in version `bold'
(Font)                  OT1/cmss/m/n --> OT1/cmss/bx/n on input line 22.
LaTeX Font Info:    Overwriting symbol font `pureletters' in version `bold'
(Font)                  OT1/cmss/m/it --> OT1/cmss/bx/it on input line 22.
LaTeX Font Info:    Overwriting math alphabet `\mathrm' in version `bold'
(Font)                  OT1/cmss/bx/n --> OT1/cmr/bx/n on input line 22.
LaTeX Font Info:    Overwriting math alphabet `\mathbf' in version `bold'
(Font)                  OT1/cmss/bx/n --> OT1/cmss/bx/n on input line 22.
LaTeX Font Info:    Overwriting math alphabet `\mathsf' in version `bold'
(Font)                  OT1/cmss/m/n --> OT1/cmss/bx/n on input line 22.
LaTeX Font Info:    Overwriting math alphabet `\mathit' in version `bold'
(Font)                  OT1/cmss/m/it --> OT1/cmss/bx/it on input line 22.
LaTeX Font Info:    Overwriting math alphabet `\mathtt' in version `bold'
(Font)                  OT1/cmtt/m/n --> OT1/cmtt/bx/n on input line 22.
LaTeX Font Info:    Redeclaring symbol font `pureletters' on input line 22.
LaTeX Font Info:    Overwriting symbol font `pureletters' in version `normal'
(Font)                  OT1/cmss/m/it --> OT1/mathkerncmss/m/sl on input line 2
2.
LaTeX Font Info:    Overwriting symbol font `pureletters' in version `bold'
(Font)                  OT1/cmss/bx/it --> OT1/mathkerncmss/m/sl on input line 
22.
LaTeX Font Info:    Overwriting symbol font `pureletters' in version `bold'
(Font)                  OT1/mathkerncmss/m/sl --> OT1/mathkerncmss/bx/sl on inp
ut line 22.

(/usr/share/texlive/texmf-dist/tex/latex/translator/translator-basic-dictionary
-English.dict
Dictionary: translator-basic-dictionary, Language: English 
)
(/usr/share/texlive/texmf-dist/tex/latex/translator/translator-bibliography-dic
tionary-English.dict
Dictionary: translator-bibliography-dictionary, Language: English 
)
(/usr/share/texlive/texmf-dist/tex/latex/translator/translator-environment-dict
ionary-English.dict
Dictionary: translator-environment-dictionary, Language: English 
)
(/usr/share/texlive/texmf-dist/tex/latex/translator/translator-months-dictionar
y-English.dict
Dictionary: translator-months-dictionary, Language: English 
)
(/usr/share/texlive/texmf-dist/tex/latex/translator/translator-numbers-dictiona
ry-English.dict
Dictionary: translator-numbers-dictionary, Language: English 
)
(/usr/share/texlive/texmf-dist/tex/latex/translator/translator-theorem-dictiona
ry-English.dict
Dictionary: translator-theorem-dictionary, Language: English 
)
Package caption Info: Begin \AtBeginDocument code.
Package caption Info: float package is loaded.
Package caption Info: End \AtBeginDocument code.
 (./abstraction.nav) [1{/var/lib/texmf/fonts/map/pdftex/updmap/pdftex.map}

]
LaTeX Font Info:    Try loading font information for U+msa on input line 30.
 (/usr/share/texlive/texmf-dist/tex/latex/amsfonts/umsa.fd
File: umsa.fd 2013/01/14 v3.01 AMS symbols A
)
LaTeX Font Info:    Try loading font information for U+msb on input line 30.

(/usr/share/texlive/texmf-dist/tex/latex/amsfonts/umsb.fd
File: umsb.fd 2013/01/14 v3.01 AMS symbols B
)
LaTeX Font Info:    Try loading font information for OT1+mathkerncmss on input 
line 30.

(/usr/share/texlive/texmf-dist/tex/latex/sansmathaccent/ot1mathkerncmss.fd
File: ot1mathkerncmss.fd 2013/03/27 Fontinst v1.933 font definitions for OT1/ma
thkerncmss.
)
[2

]
<images/architecture.jpg, id=154, 2890.8pt x 1626.075pt>
File: images/architecture.jpg Graphic file (type jpg)
<use images/architecture.jpg>
Package pdftex.def Info: images/architecture.jpg  used on input line 44.
(pdftex.def)             Requested size: 92.1879pt x 51.832pt.
 [3

 <./images/architecture.jpg>]
File: images/architecture.jpg Graphic file (type jpg)
<use images/architecture.jpg>
Package pdftex.def Info: images/architecture.jpg  used on input line 44.
(pdftex.def)             Requested size: 92.1879pt x 51.832pt.
 [4

]
File: images/architecture.jpg Graphic file (type jpg)
<use images/architecture.jpg>
Package pdftex.def Info: images/architecture.jpg  used on input line 44.
(pdftex.def)             Requested size: 92.1879pt x 51.832pt.
 [5

]
File: images/architecture.jpg Graphic file (type jpg)
<use images/architecture.jpg>
Package pdftex.def Info: images/architecture.jpg  used on input line 44.
(pdftex.def)             Requested size: 92.1879pt x 51.832pt.
 [6

]
File: images/architecture.jpg Graphic file (type jpg)
<use images/architecture.jpg>
Package pdftex.def Info: images/architecture.jpg  used on input line 44.
(pdftex.def)             Requested size: 92.1879pt x 51.832pt.
 [7

]
File: images/architecture.jpg Graphic file (type jpg)
<use images/architecture.jpg>
Package pdftex.def Info: images/architecture.jpg  used on input line 44.
(pdftex.def)             Requested size: 92.1879pt x 51.832pt.
 [8

]
<images/abstract-art.jpg, id=430, 433.62pt x 437.2335pt>
File: images/abstract-art.jpg Graphic file (type jpg)
<use images/abstract-art.jpg>
Package pdftex.def Info: images/abstract-art.jpg  used on input line 60.
(pdftex.def)             Requested size: 92.1879pt x 92.95592pt.
 [9

 <./images/abstract-art.jpg>]
File: images/abstract-art.jpg Graphic file (type jpg)
<use images/abstract-art.jpg>
Package pdftex.def Info: images/abstract-art.jpg  used on input line 60.
(pdftex.def)             Requested size: 92.1879pt x 92.95592pt.
 [10

]
File: images/abstract-art.jpg Graphic file (type jpg)
<use images/abstract-art.jpg>
Package pdftex.def Info: images/abstract-art.jpg  used on input line 60.
(pdftex.def)             Requested size: 92.1879pt x 92.95592pt.
 [11

]
File: images/abstract-art.jpg Graphic file (type jpg)
<use images/abstract-art.jpg>
Package pdftex.def Info: images/abstract-art.jpg  used on input line 60.
(pdftex.def)             Requested size: 92.1879pt x 92.95592pt.
 [12

]
File: images/abstract-art.jpg Graphic file (type jpg)
<use images/abstract-art.jpg>
Package pdftex.def Info: images/abstract-art.jpg  used on input line 60.
(pdftex.def)             Requested size: 92.1879pt x 92.95592pt.
 [13

] [14

] [15

] [16

] [17

] [18

] [19

]
\@verb\buddies=\box69
\openout5 = `abstraction.pyg'.


(./_minted-abstraction/default-pyg-prefix.pygstyle)
(./_minted-abstraction/default.pygstyle)
(./_minted-abstraction/ADE1A1DF78F1842F5C5BC2A699902F33C7510C62CDB43D1DC0B47112
94521022.pygtex
LaTeX Font Info:    Font shape `OT1/cmtt/bx/n' in size <9> not available
(Font)              Font shape `OT1/cmtt/m/n' tried instead on input line 2.
) [20

] [21

]
\@verb\abstractOne=\box70
\openout5 = `abstraction.pyg'.


(./_minted-abstraction/E1AC1AD687D3268D163DE03FD7912A81C7510C62CDB43D1DC0B47112
94521022.pygtex) [22

] [23

] [24

] [25

]
\@verb\abstractTwo=\box71
\openout5 = `abstraction.pyg'.


(./_minted-abstraction/CB6355C44E437F98B102A170E2AD16DEC7510C62CDB43D1DC0B47112
94521022.pygtex) [26

] [27

] [28

] [29

] [30

]
<images/two-abstractions.jpg, id=1430, 299.1978pt x 217.2918pt>
File: images/two-abstractions.jpg Graphic file (type jpg)
<use images/two-abstractions.jpg>
Package pdftex.def Info: images/two-abstractions.jpg  used on input line 164.
(pdftex.def)             Requested size: 184.3758pt x 133.90387pt.
 [31

 <./images/two-abstractions.jpg>]
<images/unnecessary.png, id=1476, 803.0pt x 584.1825pt>
File: images/unnecessary.png Graphic file (type png)
<use images/unnecessary.png>
Package pdftex.def Info: images/unnecessary.png  used on input line 169.
(pdftex.def)             Requested size: 184.3758pt x 134.12738pt.

[32

 <./images/unnecessary.png>]
\@verb\abstractThree=\box72
\openout5 = `abstraction.pyg'.


(./_minted-abstraction/BD5FB10A2F819E124B130BCC0C646312C7510C62CDB43D1DC0B47112
94521022.pygtex)
<images/business.png, id=1524, 301.125pt x 250.9375pt>
File: images/business.png Graphic file (type png)
<use images/business.png>
Package pdftex.def Info: images/business.png  used on input line 197.
(pdftex.def)             Requested size: 92.1879pt x 76.8249pt.
\openout7 = `abstraction.pyg'.


(./_minted-abstraction/18C169FA1723A6BA88E400950267C916C7510C62CDB43D1DC0B47112
94521022.pygtex)
Overfull \hbox (2.04457pt too wide) in paragraph at lines 197--197
[]  
 []

\openout7 = `abstraction.pyg'.


(./_minted-abstraction/F5877FCA0673D1190275245AB93D00ADC7510C62CDB43D1DC0B47112
94521022.pygtex) [33

 <./images/business.png>]
File: images/business.png Graphic file (type png)
<use images/business.png>
Package pdftex.def Info: images/business.png  used on input line 197.
(pdftex.def)             Requested size: 92.1879pt x 76.8249pt.
\openout7 = `abstraction.pyg'.


(./_minted-abstraction/18C169FA1723A6BA88E400950267C916C7510C62CDB43D1DC0B47112
94521022.pygtex)
Overfull \hbox (2.04457pt too wide) in paragraph at lines 197--197
[]  
 []

\openout7 = `abstraction.pyg'.


(./_minted-abstraction/F5877FCA0673D1190275245AB93D00ADC7510C62CDB43D1DC0B47112
94521022.pygtex) [34

]
File: images/business.png Graphic file (type png)
<use images/business.png>
Package pdftex.def Info: images/business.png  used on input line 197.
(pdftex.def)             Requested size: 92.1879pt x 76.8249pt.
\openout7 = `abstraction.pyg'.


(./_minted-abstraction/18C169FA1723A6BA88E400950267C916C7510C62CDB43D1DC0B47112
94521022.pygtex)
Overfull \hbox (2.04457pt too wide) in paragraph at lines 197--197
[]  
 []

\openout7 = `abstraction.pyg'.


(./_minted-abstraction/F5877FCA0673D1190275245AB93D00ADC7510C62CDB43D1DC0B47112
94521022.pygtex) [35

]
File: images/business.png Graphic file (type png)
<use images/business.png>
Package pdftex.def Info: images/business.png  used on input line 197.
(pdftex.def)             Requested size: 92.1879pt x 76.8249pt.
\openout7 = `abstraction.pyg'.


(./_minted-abstraction/18C169FA1723A6BA88E400950267C916C7510C62CDB43D1DC0B47112
94521022.pygtex)
Overfull \hbox (2.04457pt too wide) in paragraph at lines 197--197
[]  
 []

\openout7 = `abstraction.pyg'.


(./_minted-abstraction/F5877FCA0673D1190275245AB93D00ADC7510C62CDB43D1DC0B47112
94521022.pygtex) [36

]
File: images/business.png Graphic file (type png)
<use images/business.png>
Package pdftex.def Info: images/business.png  used on input line 197.
(pdftex.def)             Requested size: 92.1879pt x 76.8249pt.
\openout7 = `abstraction.pyg'.


(./_minted-abstraction/18C169FA1723A6BA88E400950267C916C7510C62CDB43D1DC0B47112
94521022.pygtex)
Overfull \hbox (2.04457pt too wide) in paragraph at lines 197--197
[]  
 []

\openout7 = `abstraction.pyg'.


(./_minted-abstraction/F5877FCA0673D1190275245AB93D00ADC7510C62CDB43D1DC0B47112
94521022.pygtex) [37

]
\@verb\abstractFour=\box73
\openout5 = `abstraction.pyg'.


(./_minted-abstraction/A3FE78DFE8AEC99A988CCA4459B12371C7510C62CDB43D1DC0B47112
94521022.pygtex)
Overfull \vbox (35.58652pt too high) detected at line 222
 []

[38

]
Overfull \vbox (35.58652pt too high) detected at line 222
 []

[39

]
Overfull \vbox (35.58652pt too high) detected at line 222
 []

[40

]
Overfull \vbox (35.58652pt too high) detected at line 222
 []

[41

]
\openout7 = `abstraction.pyg'.


(./_minted-abstraction/74D9A83219CABAAB06A69FD318873F33C7510C62CDB43D1DC0B47112
94521022.pygtex
LaTeX Font Info:    Font shape `OT1/cmtt/bx/n' in size <10.95> not available
(Font)              Font shape `OT1/cmtt/m/n' tried instead on input line 2.
) [42

]
\openout7 = `abstraction.pyg'.


(./_minted-abstraction/74D9A83219CABAAB06A69FD318873F33C7510C62CDB43D1DC0B47112
94521022.pygtex) [43

]
\openout7 = `abstraction.pyg'.


(./_minted-abstraction/74D9A83219CABAAB06A69FD318873F33C7510C62CDB43D1DC0B47112
94521022.pygtex) [44

]
\openout7 = `abstraction.pyg'.


(./_minted-abstraction/74D9A83219CABAAB06A69FD318873F33C7510C62CDB43D1DC0B47112
94521022.pygtex) [45

]
\openout7 = `abstraction.pyg'.


(./_minted-abstraction/74D9A83219CABAAB06A69FD318873F33C7510C62CDB43D1DC0B47112
94521022.pygtex) [46

]
\openout7 = `abstraction.pyg'.


(./_minted-abstraction/74D9A83219CABAAB06A69FD318873F33C7510C62CDB43D1DC0B47112
94521022.pygtex) [47

]
\openout7 = `abstraction.pyg'.


(./_minted-abstraction/74D9A83219CABAAB06A69FD318873F33C7510C62CDB43D1DC0B47112
94521022.pygtex) [48

]
\@verb\BarEntry=\box74
\openout5 = `abstraction.pyg'.


(./_minted-abstraction/7CF1980E3B21E264F31E43AA7CE505E3F8ADF6248204C13FC795CB0E
27C4D979.pygtex) [49

] [50

] [51

] [52

] [53

]
\openout7 = `abstraction.pyg'.


(./_minted-abstraction/9CC0A1A6B05EC4E9BC79161FB0AED0F0F8ADF6248204C13FC795CB0E
27C4D979.pygtex)
\openout7 = `abstraction.pyg'.


(./_minted-abstraction/8FA0BD1534BD1BFE43D8783C9F8A2B5FF8ADF6248204C13FC795CB0E
27C4D979.pygtex)
\openout7 = `abstraction.pyg'.


(./_minted-abstraction/F064FE255736FCA2D15E39D7F637C6A4F8ADF6248204C13FC795CB0E
27C4D979.pygtex)
\openout7 = `abstraction.pyg'.


(./_minted-abstraction/C727A3187531CB5A3288E60E35B8BC4FF8ADF6248204C13FC795CB0E
27C4D979.pygtex)
\openout7 = `abstraction.pyg'.


(./_minted-abstraction/359321F367386771AF1883030D4AB14BF8ADF6248204C13FC795CB0E
27C4D979.pygtex)
\openout7 = `abstraction.pyg'.


(./_minted-abstraction/44F07B4FD3990B2A1CA7801E69FC41EBF8ADF6248204C13FC795CB0E
27C4D979.pygtex) [54

]
\openout7 = `abstraction.pyg'.


(./_minted-abstraction/9CC0A1A6B05EC4E9BC79161FB0AED0F0F8ADF6248204C13FC795CB0E
27C4D979.pygtex)
\openout7 = `abstraction.pyg'.


(./_minted-abstraction/8FA0BD1534BD1BFE43D8783C9F8A2B5FF8ADF6248204C13FC795CB0E
27C4D979.pygtex)
\openout7 = `abstraction.pyg'.


(./_minted-abstraction/F064FE255736FCA2D15E39D7F637C6A4F8ADF6248204C13FC795CB0E
27C4D979.pygtex)
\openout7 = `abstraction.pyg'.


(./_minted-abstraction/C727A3187531CB5A3288E60E35B8BC4FF8ADF6248204C13FC795CB0E
27C4D979.pygtex)
\openout7 = `abstraction.pyg'.


(./_minted-abstraction/359321F367386771AF1883030D4AB14BF8ADF6248204C13FC795CB0E
27C4D979.pygtex)
\openout7 = `abstraction.pyg'.


(./_minted-abstraction/44F07B4FD3990B2A1CA7801E69FC41EBF8ADF6248204C13FC795CB0E
27C4D979.pygtex) [55

]
\openout7 = `abstraction.pyg'.


(./_minted-abstraction/9CC0A1A6B05EC4E9BC79161FB0AED0F0F8ADF6248204C13FC795CB0E
27C4D979.pygtex)
\openout7 = `abstraction.pyg'.


(./_minted-abstraction/8FA0BD1534BD1BFE43D8783C9F8A2B5FF8ADF6248204C13FC795CB0E
27C4D979.pygtex)
\openout7 = `abstraction.pyg'.


(./_minted-abstraction/F064FE255736FCA2D15E39D7F637C6A4F8ADF6248204C13FC795CB0E
27C4D979.pygtex)
\openout7 = `abstraction.pyg'.


(./_minted-abstraction/C727A3187531CB5A3288E60E35B8BC4FF8ADF6248204C13FC795CB0E
27C4D979.pygtex)
\openout7 = `abstraction.pyg'.


(./_minted-abstraction/359321F367386771AF1883030D4AB14BF8ADF6248204C13FC795CB0E
27C4D979.pygtex)
\openout7 = `abstraction.pyg'.


(./_minted-abstraction/44F07B4FD3990B2A1CA7801E69FC41EBF8ADF6248204C13FC795CB0E
27C4D979.pygtex) [56

]
\openout7 = `abstraction.pyg'.


(./_minted-abstraction/9CC0A1A6B05EC4E9BC79161FB0AED0F0F8ADF6248204C13FC795CB0E
27C4D979.pygtex)
\openout7 = `abstraction.pyg'.


(./_minted-abstraction/8FA0BD1534BD1BFE43D8783C9F8A2B5FF8ADF6248204C13FC795CB0E
27C4D979.pygtex)
\openout7 = `abstraction.pyg'.


(./_minted-abstraction/F064FE255736FCA2D15E39D7F637C6A4F8ADF6248204C13FC795CB0E
27C4D979.pygtex)
\openout7 = `abstraction.pyg'.


(./_minted-abstraction/C727A3187531CB5A3288E60E35B8BC4FF8ADF6248204C13FC795CB0E
27C4D979.pygtex)
\openout7 = `abstraction.pyg'.


(./_minted-abstraction/359321F367386771AF1883030D4AB14BF8ADF6248204C13FC795CB0E
27C4D979.pygtex)
\openout7 = `abstraction.pyg'.


(./_minted-abstraction/44F07B4FD3990B2A1CA7801E69FC41EBF8ADF6248204C13FC795CB0E
27C4D979.pygtex) [57

]
\openout7 = `abstraction.pyg'.


(./_minted-abstraction/9CC0A1A6B05EC4E9BC79161FB0AED0F0F8ADF6248204C13FC795CB0E
27C4D979.pygtex)
\openout7 = `abstraction.pyg'.


(./_minted-abstraction/8FA0BD1534BD1BFE43D8783C9F8A2B5FF8ADF6248204C13FC795CB0E
27C4D979.pygtex)
\openout7 = `abstraction.pyg'.


(./_minted-abstraction/F064FE255736FCA2D15E39D7F637C6A4F8ADF6248204C13FC795CB0E
27C4D979.pygtex)
\openout7 = `abstraction.pyg'.


(./_minted-abstraction/C727A3187531CB5A3288E60E35B8BC4FF8ADF6248204C13FC795CB0E
27C4D979.pygtex)
\openout7 = `abstraction.pyg'.


(./_minted-abstraction/359321F367386771AF1883030D4AB14BF8ADF6248204C13FC795CB0E
27C4D979.pygtex)
\openout7 = `abstraction.pyg'.


(./_minted-abstraction/44F07B4FD3990B2A1CA7801E69FC41EBF8ADF6248204C13FC795CB0E
27C4D979.pygtex) [58

]
\openout7 = `abstraction.pyg'.


(./_minted-abstraction/9CC0A1A6B05EC4E9BC79161FB0AED0F0F8ADF6248204C13FC795CB0E
27C4D979.pygtex)
\openout7 = `abstraction.pyg'.


(./_minted-abstraction/8FA0BD1534BD1BFE43D8783C9F8A2B5FF8ADF6248204C13FC795CB0E
27C4D979.pygtex)
\openout7 = `abstraction.pyg'.


(./_minted-abstraction/F064FE255736FCA2D15E39D7F637C6A4F8ADF6248204C13FC795CB0E
27C4D979.pygtex)
\openout7 = `abstraction.pyg'.


(./_minted-abstraction/C727A3187531CB5A3288E60E35B8BC4FF8ADF6248204C13FC795CB0E
27C4D979.pygtex)
\openout7 = `abstraction.pyg'.


(./_minted-abstraction/359321F367386771AF1883030D4AB14BF8ADF6248204C13FC795CB0E
27C4D979.pygtex)
\openout7 = `abstraction.pyg'.


(./_minted-abstraction/44F07B4FD3990B2A1CA7801E69FC41EBF8ADF6248204C13FC795CB0E
27C4D979.pygtex) [59

]
\openout7 = `abstraction.pyg'.


(./_minted-abstraction/9CC0A1A6B05EC4E9BC79161FB0AED0F0F8ADF6248204C13FC795CB0E
27C4D979.pygtex)
\openout7 = `abstraction.pyg'.


(./_minted-abstraction/8FA0BD1534BD1BFE43D8783C9F8A2B5FF8ADF6248204C13FC795CB0E
27C4D979.pygtex)
\openout7 = `abstraction.pyg'.


(./_minted-abstraction/F064FE255736FCA2D15E39D7F637C6A4F8ADF6248204C13FC795CB0E
27C4D979.pygtex)
\openout7 = `abstraction.pyg'.


(./_minted-abstraction/C727A3187531CB5A3288E60E35B8BC4FF8ADF6248204C13FC795CB0E
27C4D979.pygtex)
\openout7 = `abstraction.pyg'.


(./_minted-abstraction/359321F367386771AF1883030D4AB14BF8ADF6248204C13FC795CB0E
27C4D979.pygtex)
\openout7 = `abstraction.pyg'.


(./_minted-abstraction/44F07B4FD3990B2A1CA7801E69FC41EBF8ADF6248204C13FC795CB0E
27C4D979.pygtex) [60

]
\openout7 = `abstraction.pyg'.


(./_minted-abstraction/9CC0A1A6B05EC4E9BC79161FB0AED0F0F8ADF6248204C13FC795CB0E
27C4D979.pygtex)
\openout7 = `abstraction.pyg'.


(./_minted-abstraction/8FA0BD1534BD1BFE43D8783C9F8A2B5FF8ADF6248204C13FC795CB0E
27C4D979.pygtex)
\openout7 = `abstraction.pyg'.


(./_minted-abstraction/F064FE255736FCA2D15E39D7F637C6A4F8ADF6248204C13FC795CB0E
27C4D979.pygtex)
\openout7 = `abstraction.pyg'.


(./_minted-abstraction/C727A3187531CB5A3288E60E35B8BC4FF8ADF6248204C13FC795CB0E
27C4D979.pygtex)
\openout7 = `abstraction.pyg'.


(./_minted-abstraction/359321F367386771AF1883030D4AB14BF8ADF6248204C13FC795CB0E
27C4D979.pygtex)
\openout7 = `abstraction.pyg'.


(./_minted-abstraction/44F07B4FD3990B2A1CA7801E69FC41EBF8ADF6248204C13FC795CB0E
27C4D979.pygtex) [61

]
\openout7 = `abstraction.pyg'.


(./_minted-abstraction/9CC0A1A6B05EC4E9BC79161FB0AED0F0F8ADF6248204C13FC795CB0E
27C4D979.pygtex)
\openout7 = `abstraction.pyg'.


(./_minted-abstraction/8FA0BD1534BD1BFE43D8783C9F8A2B5FF8ADF6248204C13FC795CB0E
27C4D979.pygtex)
\openout7 = `abstraction.pyg'.


(./_minted-abstraction/F064FE255736FCA2D15E39D7F637C6A4F8ADF6248204C13FC795CB0E
27C4D979.pygtex)
\openout7 = `abstraction.pyg'.


(./_minted-abstraction/C727A3187531CB5A3288E60E35B8BC4FF8ADF6248204C13FC795CB0E
27C4D979.pygtex)
\openout7 = `abstraction.pyg'.


(./_minted-abstraction/359321F367386771AF1883030D4AB14BF8ADF6248204C13FC795CB0E
27C4D979.pygtex)
\openout7 = `abstraction.pyg'.


(./_minted-abstraction/44F07B4FD3990B2A1CA7801E69FC41EBF8ADF6248204C13FC795CB0E
27C4D979.pygtex) [62

]
\openout7 = `abstraction.pyg'.


(./_minted-abstraction/9CC0A1A6B05EC4E9BC79161FB0AED0F0F8ADF6248204C13FC795CB0E
27C4D979.pygtex)
\openout7 = `abstraction.pyg'.


(./_minted-abstraction/6223FFD822D449EE93AC5BA50F5CED1EF8ADF6248204C13FC795CB0E
27C4D979.pygtex)
\openout7 = `abstraction.pyg'.


(./_minted-abstraction/C563A71A651DC2288500C215B6A59A18F8ADF6248204C13FC795CB0E
27C4D979.pygtex)
\openout7 = `abstraction.pyg'.


(./_minted-abstraction/818AA2629559450A1FECC21EAABC5622F8ADF6248204C13FC795CB0E
27C4D979.pygtex)
\openout7 = `abstraction.pyg'.


(./_minted-abstraction/84BB1B477364E6DBBC2B856D0CDCB42EF8ADF6248204C13FC795CB0E
27C4D979.pygtex) [63

]
\openout7 = `abstraction.pyg'.


(./_minted-abstraction/9CC0A1A6B05EC4E9BC79161FB0AED0F0F8ADF6248204C13FC795CB0E
27C4D979.pygtex)
\openout7 = `abstraction.pyg'.


(./_minted-abstraction/6223FFD822D449EE93AC5BA50F5CED1EF8ADF6248204C13FC795CB0E
27C4D979.pygtex)
\openout7 = `abstraction.pyg'.


(./_minted-abstraction/C563A71A651DC2288500C215B6A59A18F8ADF6248204C13FC795CB0E
27C4D979.pygtex)
\openout7 = `abstraction.pyg'.


(./_minted-abstraction/818AA2629559450A1FECC21EAABC5622F8ADF6248204C13FC795CB0E
27C4D979.pygtex)
\openout7 = `abstraction.pyg'.


(./_minted-abstraction/84BB1B477364E6DBBC2B856D0CDCB42EF8ADF6248204C13FC795CB0E
27C4D979.pygtex) [64

]
\openout7 = `abstraction.pyg'.


(./_minted-abstraction/9CC0A1A6B05EC4E9BC79161FB0AED0F0F8ADF6248204C13FC795CB0E
27C4D979.pygtex)
\openout7 = `abstraction.pyg'.


(./_minted-abstraction/6223FFD822D449EE93AC5BA50F5CED1EF8ADF6248204C13FC795CB0E
27C4D979.pygtex)
\openout7 = `abstraction.pyg'.


(./_minted-abstraction/C563A71A651DC2288500C215B6A59A18F8ADF6248204C13FC795CB0E
27C4D979.pygtex)
\openout7 = `abstraction.pyg'.


(./_minted-abstraction/818AA2629559450A1FECC21EAABC5622F8ADF6248204C13FC795CB0E
27C4D979.pygtex)
\openout7 = `abstraction.pyg'.


(./_minted-abstraction/84BB1B477364E6DBBC2B856D0CDCB42EF8ADF6248204C13FC795CB0E
27C4D979.pygtex) [65

]
\openout7 = `abstraction.pyg'.


(./_minted-abstraction/9CC0A1A6B05EC4E9BC79161FB0AED0F0F8ADF6248204C13FC795CB0E
27C4D979.pygtex)
\openout7 = `abstraction.pyg'.


(./_minted-abstraction/6223FFD822D449EE93AC5BA50F5CED1EF8ADF6248204C13FC795CB0E
27C4D979.pygtex)
\openout7 = `abstraction.pyg'.


(./_minted-abstraction/C563A71A651DC2288500C215B6A59A18F8ADF6248204C13FC795CB0E
27C4D979.pygtex)
\openout7 = `abstraction.pyg'.


(./_minted-abstraction/818AA2629559450A1FECC21EAABC5622F8ADF6248204C13FC795CB0E
27C4D979.pygtex)
\openout7 = `abstraction.pyg'.


(./_minted-abstraction/84BB1B477364E6DBBC2B856D0CDCB42EF8ADF6248204C13FC795CB0E
27C4D979.pygtex) [66

]
\openout7 = `abstraction.pyg'.


(./_minted-abstraction/9CC0A1A6B05EC4E9BC79161FB0AED0F0F8ADF6248204C13FC795CB0E
27C4D979.pygtex)
\openout7 = `abstraction.pyg'.


(./_minted-abstraction/6223FFD822D449EE93AC5BA50F5CED1EF8ADF6248204C13FC795CB0E
27C4D979.pygtex)
\openout7 = `abstraction.pyg'.


(./_minted-abstraction/C563A71A651DC2288500C215B6A59A18F8ADF6248204C13FC795CB0E
27C4D979.pygtex)
\openout7 = `abstraction.pyg'.


(./_minted-abstraction/818AA2629559450A1FECC21EAABC5622F8ADF6248204C13FC795CB0E
27C4D979.pygtex)
\openout7 = `abstraction.pyg'.


(./_minted-abstraction/84BB1B477364E6DBBC2B856D0CDCB42EF8ADF6248204C13FC795CB0E
27C4D979.pygtex) [67

]
\openout7 = `abstraction.pyg'.


(./_minted-abstraction/9CC0A1A6B05EC4E9BC79161FB0AED0F0F8ADF6248204C13FC795CB0E
27C4D979.pygtex)
\openout7 = `abstraction.pyg'.


(./_minted-abstraction/6223FFD822D449EE93AC5BA50F5CED1EF8ADF6248204C13FC795CB0E
27C4D979.pygtex)
\openout7 = `abstraction.pyg'.


(./_minted-abstraction/C563A71A651DC2288500C215B6A59A18F8ADF6248204C13FC795CB0E
27C4D979.pygtex)
\openout7 = `abstraction.pyg'.


(./_minted-abstraction/818AA2629559450A1FECC21EAABC5622F8ADF6248204C13FC795CB0E
27C4D979.pygtex)
\openout7 = `abstraction.pyg'.


(./_minted-abstraction/84BB1B477364E6DBBC2B856D0CDCB42EF8ADF6248204C13FC795CB0E
27C4D979.pygtex) [68

]
\openout7 = `abstraction.pyg'.


(./_minted-abstraction/9CC0A1A6B05EC4E9BC79161FB0AED0F0F8ADF6248204C13FC795CB0E
27C4D979.pygtex)
\openout7 = `abstraction.pyg'.


(./_minted-abstraction/6223FFD822D449EE93AC5BA50F5CED1EF8ADF6248204C13FC795CB0E
27C4D979.pygtex)
\openout7 = `abstraction.pyg'.


(./_minted-abstraction/C563A71A651DC2288500C215B6A59A18F8ADF6248204C13FC795CB0E
27C4D979.pygtex)
\openout7 = `abstraction.pyg'.


(./_minted-abstraction/818AA2629559450A1FECC21EAABC5622F8ADF6248204C13FC795CB0E
27C4D979.pygtex)
\openout7 = `abstraction.pyg'.


(./_minted-abstraction/84BB1B477364E6DBBC2B856D0CDCB42EF8ADF6248204C13FC795CB0E
27C4D979.pygtex) [69

]
\@verb\ConsOver=\box75
\openout5 = `abstraction.pyg'.


(./_minted-abstraction/09029613317B95917422AE1F000BCEB3F8ADF6248204C13FC795CB0E
27C4D979.pygtex)
\openout7 = `abstraction.pyg'.


(./_minted-abstraction/398456434C1836820F8577E1A170475EF8ADF6248204C13FC795CB0E
27C4D979.pygtex) [70

]
\openout7 = `abstraction.pyg'.


(./_minted-abstraction/398456434C1836820F8577E1A170475EF8ADF6248204C13FC795CB0E
27C4D979.pygtex) [71

]
\openout7 = `abstraction.pyg'.


(./_minted-abstraction/398456434C1836820F8577E1A170475EF8ADF6248204C13FC795CB0E
27C4D979.pygtex) [72

]
\openout7 = `abstraction.pyg'.


(./_minted-abstraction/398456434C1836820F8577E1A170475EF8ADF6248204C13FC795CB0E
27C4D979.pygtex) [73

]
\openout7 = `abstraction.pyg'.


(./_minted-abstraction/398456434C1836820F8577E1A170475EF8ADF6248204C13FC795CB0E
27C4D979.pygtex) [74

]
\@verb\BarFinal=\box76
\openout5 = `abstraction.pyg'.


(./_minted-abstraction/CCEBF1F1A69A5346859FAD7692912CC1F8ADF6248204C13FC795CB0E
27C4D979.pygtex) [75

] [76

] [77

] [78

]
\@verb\BarComplex=\box77
\openout5 = `abstraction.pyg'.


(./_minted-abstraction/582B9DFFE446CC2C7DF2EAD5A1FDEF32F8ADF6248204C13FC795CB0E
27C4D979.pygtex)
\openout7 = `abstraction.pyg'.


(./_minted-abstraction/84BB1B477364E6DBBC2B856D0CDCB42EF8ADF6248204C13FC795CB0E
27C4D979.pygtex)
\openout7 = `abstraction.pyg'.


(./_minted-abstraction/6EDBB98BFDE1A86B8B55E3C031EEF66FF8ADF6248204C13FC795CB0E
27C4D979.pygtex) [79

]
\openout7 = `abstraction.pyg'.


(./_minted-abstraction/84BB1B477364E6DBBC2B856D0CDCB42EF8ADF6248204C13FC795CB0E
27C4D979.pygtex)
\openout7 = `abstraction.pyg'.


(./_minted-abstraction/6EDBB98BFDE1A86B8B55E3C031EEF66FF8ADF6248204C13FC795CB0E
27C4D979.pygtex) [80

]
\openout7 = `abstraction.pyg'.


(./_minted-abstraction/84BB1B477364E6DBBC2B856D0CDCB42EF8ADF6248204C13FC795CB0E
27C4D979.pygtex)
\openout7 = `abstraction.pyg'.


(./_minted-abstraction/6EDBB98BFDE1A86B8B55E3C031EEF66FF8ADF6248204C13FC795CB0E
27C4D979.pygtex) [81

]
\openout7 = `abstraction.pyg'.


(./_minted-abstraction/84BB1B477364E6DBBC2B856D0CDCB42EF8ADF6248204C13FC795CB0E
27C4D979.pygtex)
\openout7 = `abstraction.pyg'.


(./_minted-abstraction/6EDBB98BFDE1A86B8B55E3C031EEF66FF8ADF6248204C13FC795CB0E
27C4D979.pygtex) [82

] [83

] [84

] [85

] [86

] [87

] [88

] [89

]
\tf@nav=\write9
\openout9 = `abstraction.nav'.

\tf@toc=\write10
\openout10 = `abstraction.toc'.

\tf@snm=\write11
\openout11 = `abstraction.snm'.

Package atveryend Info: Empty hook `BeforeClearDocument' on input line 404.
Package atveryend Info: Empty hook `AfterLastShipout' on input line 404.
 (./abstraction.aux)
Package atveryend Info: Executing hook `AtVeryEndDocument' on input line 404.
Package atveryend Info: Executing hook `AtEndAfterFileList' on input line 404.
Package rerunfilecheck Info: File `abstraction.out' has not changed.
(rerunfilecheck)             Checksum: D90FE3FF3A39BBA854B9606893C5B010;52.
runsystem(rm abstraction.pyg)...executed.

 ) 
Here is how much of TeX's memory you used:
 25114 strings out of 492982
 521942 string characters out of 6134895
 669169 words of memory out of 5000000
 27688 multiletter control sequences out of 15000+600000
 17645 words of font info for 65 fonts, out of 8000000 for 9000
 1141 hyphenation exceptions out of 8191
 56i,19n,59p,798b,778s stack positions out of 5000i,500n,10000p,200000b,80000s
</usr/share/texlive/texmf-dist/fonts/type1/public/amsfonts/cm/cmitt10.pfb></u
sr/share/texlive/texmf-dist/fonts/type1/public/amsfonts/cm/cmss10.pfb></usr/sha
re/texlive/texmf-dist/fonts/type1/public/amsfonts/cm/cmss12.pfb></usr/share/tex
live/texmf-dist/fonts/type1/public/amsfonts/cm/cmss8.pfb></usr/share/texlive/te
xmf-dist/fonts/type1/public/amsfonts/cm/cmssi10.pfb></usr/share/texlive/texmf-d
ist/fonts/type1/public/amsfonts/cm/cmssi12.pfb></usr/share/texlive/texmf-dist/f
onts/type1/public/amsfonts/cm/cmsy10.pfb></usr/share/texlive/texmf-dist/fonts/t
ype1/public/amsfonts/cm/cmtt10.pfb></usr/share/texlive/texmf-dist/fonts/type1/p
ublic/amsfonts/cm/cmtt12.pfb></usr/share/texlive/texmf-dist/fonts/type1/public/
amsfonts/cm/cmtt9.pfb>
Output written on abstraction.pdf (89 pages, 2785782 bytes).
PDF statistics:
 4193 PDF objects out of 4296 (max. 8388607)
 4017 compressed objects within 41 object streams
 180 named destinations out of 1000 (max. 500000)
 82 words of extra memory for PDF output out of 10000 (max. 10000000)

